2022-02-25 12:44:23,852 INFO    MainThread:9462 [internal.py:wandb_internal():90] W&B internal server running at pid: 9462, started at: 2022-02-25 12:44:23.852368
2022-02-25 12:44:23,854 DEBUG   HandlerThread:9462 [handler.py:handle_request():130] handle_request: check_version
2022-02-25 12:44:23,855 INFO    WriterThread:9462 [datastore.py:open_for_write():77] open: /home/simon/CDE_UBS/thesis/template/wandb/run-20220225_124421-193jcqg8/run-193jcqg8.wandb
2022-02-25 12:44:23,857 DEBUG   SenderThread:9462 [sender.py:send():234] send: header
2022-02-25 12:44:23,857 DEBUG   SenderThread:9462 [sender.py:send_request():248] send_request: check_version
2022-02-25 12:44:23,987 DEBUG   SenderThread:9462 [sender.py:send():234] send: run
2022-02-25 12:44:24,198 INFO    SenderThread:9462 [dir_watcher.py:__init__():169] watching files in: /home/simon/CDE_UBS/thesis/template/wandb/run-20220225_124421-193jcqg8/files
2022-02-25 12:44:24,198 INFO    SenderThread:9462 [sender.py:_start_run_threads():807] run started: 193jcqg8 with start time 1645789461
2022-02-25 12:44:24,199 DEBUG   SenderThread:9462 [sender.py:send():234] send: summary
2022-02-25 12:44:24,199 INFO    SenderThread:9462 [sender.py:_save_file():939] saving file wandb-summary.json with policy end
2022-02-25 12:44:24,203 DEBUG   HandlerThread:9462 [handler.py:handle_request():130] handle_request: run_start
2022-02-25 12:44:25,200 INFO    Thread-8  :9462 [dir_watcher.py:_on_file_created():217] file/dir created: /home/simon/CDE_UBS/thesis/template/wandb/run-20220225_124421-193jcqg8/files/wandb-summary.json
2022-02-25 12:44:27,854 DEBUG   HandlerThread:9462 [meta.py:__init__():40] meta init
2022-02-25 12:44:27,855 DEBUG   HandlerThread:9462 [meta.py:__init__():54] meta init done
2022-02-25 12:44:27,855 DEBUG   HandlerThread:9462 [meta.py:probe():214] probe
2022-02-25 12:44:27,857 DEBUG   HandlerThread:9462 [meta.py:_setup_git():204] setup git
2022-02-25 12:44:27,924 DEBUG   HandlerThread:9462 [meta.py:_setup_git():211] setup git done
2022-02-25 12:44:27,924 DEBUG   HandlerThread:9462 [meta.py:_save_pip():58] save pip
2022-02-25 12:44:27,926 DEBUG   HandlerThread:9462 [meta.py:_save_pip():72] save pip done
2022-02-25 12:44:27,927 DEBUG   HandlerThread:9462 [meta.py:_save_conda():79] save conda
2022-02-25 12:44:28,220 INFO    Thread-8  :9462 [dir_watcher.py:_on_file_created():217] file/dir created: /home/simon/CDE_UBS/thesis/template/wandb/run-20220225_124421-193jcqg8/files/requirements.txt
2022-02-25 12:44:28,221 INFO    Thread-8  :9462 [dir_watcher.py:_on_file_created():217] file/dir created: /home/simon/CDE_UBS/thesis/template/wandb/run-20220225_124421-193jcqg8/files/conda-environment.yaml
2022-02-25 12:44:30,222 INFO    Thread-8  :9462 [dir_watcher.py:_on_file_created():217] file/dir created: /home/simon/CDE_UBS/thesis/template/wandb/run-20220225_124421-193jcqg8/files/output.log
2022-02-25 12:44:53,236 INFO    Thread-8  :9462 [dir_watcher.py:_on_file_modified():230] file/dir modified: /home/simon/CDE_UBS/thesis/template/wandb/run-20220225_124421-193jcqg8/files/conda-environment.yaml
2022-02-25 12:44:53,602 DEBUG   HandlerThread:9462 [meta.py:_save_conda():89] save conda done
2022-02-25 12:44:53,602 DEBUG   HandlerThread:9462 [meta.py:probe():252] probe done
2022-02-25 12:44:53,612 DEBUG   HandlerThread:9462 [handler.py:handle_request():130] handle_request: stop_status
2022-02-25 12:44:53,613 DEBUG   HandlerThread:9462 [handler.py:handle_request():130] handle_request: pause
2022-02-25 12:44:53,613 DEBUG   SenderThread:9462 [sender.py:send_request():248] send_request: stop_status
2022-02-25 12:44:53,613 INFO    HandlerThread:9462 [handler.py:handle_request_pause():612] stopping system metrics thread
2022-02-25 12:44:53,678 DEBUG   HandlerThread:9462 [handler.py:handle_request():130] handle_request: stop_status
2022-02-25 12:44:53,792 DEBUG   SenderThread:9462 [sender.py:send_request():248] send_request: stop_status
2022-02-25 12:44:53,973 DEBUG   SenderThread:9462 [sender.py:send():234] send: files
2022-02-25 12:44:53,973 INFO    SenderThread:9462 [sender.py:_save_file():939] saving file wandb-metadata.json with policy now
2022-02-25 12:44:53,974 DEBUG   SenderThread:9462 [sender.py:send():234] send: stats
2022-02-25 12:44:54,236 INFO    Thread-8  :9462 [dir_watcher.py:_on_file_created():217] file/dir created: /home/simon/CDE_UBS/thesis/template/wandb/run-20220225_124421-193jcqg8/files/wandb-metadata.json
2022-02-25 12:44:54,530 INFO    Thread-11 :9462 [upload_job.py:push():137] Uploaded file /tmp/tmp2x9pba__wandb/1y4tji7h-wandb-metadata.json
2022-02-25 12:45:08,975 DEBUG   HandlerThread:9462 [handler.py:handle_request():130] handle_request: stop_status
2022-02-25 12:45:08,975 DEBUG   SenderThread:9462 [sender.py:send_request():248] send_request: stop_status
2022-02-25 12:45:24,152 DEBUG   HandlerThread:9462 [handler.py:handle_request():130] handle_request: stop_status
2022-02-25 12:45:24,153 DEBUG   SenderThread:9462 [sender.py:send_request():248] send_request: stop_status
2022-02-25 12:45:39,327 DEBUG   HandlerThread:9462 [handler.py:handle_request():130] handle_request: stop_status
2022-02-25 12:45:39,328 DEBUG   SenderThread:9462 [sender.py:send_request():248] send_request: stop_status
2022-02-25 12:45:54,501 DEBUG   HandlerThread:9462 [handler.py:handle_request():130] handle_request: stop_status
2022-02-25 12:45:54,501 DEBUG   SenderThread:9462 [sender.py:send_request():248] send_request: stop_status
2022-02-25 12:46:09,680 DEBUG   HandlerThread:9462 [handler.py:handle_request():130] handle_request: stop_status
2022-02-25 12:46:09,681 DEBUG   SenderThread:9462 [sender.py:send_request():248] send_request: stop_status
2022-02-25 12:46:11,169 WARNING MainThread:9462 [internal.py:wandb_internal():146] Internal process interrupt: 1
2022-02-25 12:46:11,840 DEBUG   HandlerThread:9462 [handler.py:handle_request():130] handle_request: poll_exit
2022-02-25 12:46:14,198 DEBUG   SenderThread:9462 [sender.py:send():234] send: telemetry
2022-02-25 12:46:14,199 DEBUG   SenderThread:9462 [sender.py:send():234] send: exit
2022-02-25 12:46:14,199 INFO    SenderThread:9462 [sender.py:send_exit():366] handling exit code: 0
2022-02-25 12:46:14,199 INFO    SenderThread:9462 [sender.py:send_exit():368] handling runtime: 29
2022-02-25 12:46:14,200 INFO    SenderThread:9462 [sender.py:_save_file():939] saving file wandb-summary.json with policy end
2022-02-25 12:46:14,200 INFO    SenderThread:9462 [sender.py:send_exit():374] send defer
2022-02-25 12:46:14,200 DEBUG   SenderThread:9462 [sender.py:send_request():248] send_request: poll_exit
2022-02-25 12:46:14,201 DEBUG   HandlerThread:9462 [handler.py:handle_request():130] handle_request: defer
2022-02-25 12:46:14,202 INFO    HandlerThread:9462 [handler.py:handle_request_defer():147] handle defer: 0
2022-02-25 12:46:14,203 DEBUG   SenderThread:9462 [sender.py:send_request():248] send_request: defer
2022-02-25 12:46:14,203 INFO    SenderThread:9462 [sender.py:send_request_defer():383] handle sender defer: 0
2022-02-25 12:46:14,203 INFO    SenderThread:9462 [sender.py:transition_state():387] send defer: 1
2022-02-25 12:46:14,203 DEBUG   HandlerThread:9462 [handler.py:handle_request():130] handle_request: defer
2022-02-25 12:46:14,204 INFO    HandlerThread:9462 [handler.py:handle_request_defer():147] handle defer: 1
2022-02-25 12:46:14,204 DEBUG   SenderThread:9462 [sender.py:send_request():248] send_request: defer
2022-02-25 12:46:14,205 INFO    SenderThread:9462 [sender.py:send_request_defer():383] handle sender defer: 1
2022-02-25 12:46:14,205 INFO    SenderThread:9462 [sender.py:transition_state():387] send defer: 2
2022-02-25 12:46:14,205 DEBUG   HandlerThread:9462 [handler.py:handle_request():130] handle_request: defer
2022-02-25 12:46:14,205 INFO    HandlerThread:9462 [handler.py:handle_request_defer():147] handle defer: 2
2022-02-25 12:46:14,208 DEBUG   SenderThread:9462 [sender.py:send_request():248] send_request: defer
2022-02-25 12:46:14,208 INFO    SenderThread:9462 [sender.py:send_request_defer():383] handle sender defer: 2
2022-02-25 12:46:14,208 INFO    SenderThread:9462 [sender.py:transition_state():387] send defer: 3
2022-02-25 12:46:14,209 DEBUG   HandlerThread:9462 [handler.py:handle_request():130] handle_request: defer
2022-02-25 12:46:14,209 INFO    HandlerThread:9462 [handler.py:handle_request_defer():147] handle defer: 3
2022-02-25 12:46:14,209 DEBUG   SenderThread:9462 [sender.py:send():234] send: summary
2022-02-25 12:46:14,210 INFO    SenderThread:9462 [sender.py:_save_file():939] saving file wandb-summary.json with policy end
2022-02-25 12:46:14,210 DEBUG   SenderThread:9462 [sender.py:send_request():248] send_request: defer
2022-02-25 12:46:14,210 INFO    SenderThread:9462 [sender.py:send_request_defer():383] handle sender defer: 3
2022-02-25 12:46:14,210 INFO    SenderThread:9462 [sender.py:transition_state():387] send defer: 4
2022-02-25 12:46:14,211 DEBUG   HandlerThread:9462 [handler.py:handle_request():130] handle_request: defer
2022-02-25 12:46:14,211 INFO    HandlerThread:9462 [handler.py:handle_request_defer():147] handle defer: 4
2022-02-25 12:46:14,211 DEBUG   SenderThread:9462 [sender.py:send_request():248] send_request: defer
2022-02-25 12:46:14,211 INFO    SenderThread:9462 [sender.py:send_request_defer():383] handle sender defer: 4
2022-02-25 12:46:14,289 INFO    Thread-8  :9462 [dir_watcher.py:_on_file_modified():230] file/dir modified: /home/simon/CDE_UBS/thesis/template/wandb/run-20220225_124421-193jcqg8/files/wandb-summary.json
2022-02-25 12:46:17,175 WARNING MainThread:9462 [internal.py:is_dead():367] Internal process exiting, parent pid 9408 disappeared
2022-02-25 12:46:17,175 ERROR   MainThread:9462 [internal.py:wandb_internal():142] Internal process shutdown.
2022-02-25 12:46:17,211 INFO    WriterThread:9462 [datastore.py:close():281] close: /home/simon/CDE_UBS/thesis/template/wandb/run-20220225_124421-193jcqg8/run-193jcqg8.wandb
2022-02-25 12:46:17,216 INFO    HandlerThread:9462 [handler.py:finish():731] shutting down handler
2022-02-25 12:46:47,665 ERROR   SenderThread:9462 [retry.py:__call__():126] Retry attempt failed:
Traceback (most recent call last):
  File "/home/simon/.local/lib/python3.7/site-packages/urllib3/connectionpool.py", line 445, in _make_request
    six.raise_from(e, None)
  File "<string>", line 3, in raise_from
  File "/home/simon/.local/lib/python3.7/site-packages/urllib3/connectionpool.py", line 440, in _make_request
    httplib_response = conn.getresponse()
  File "/anaconda/lib/python3.7/http/client.py", line 1344, in getresponse
    response.begin()
  File "/anaconda/lib/python3.7/http/client.py", line 306, in begin
    version, status, reason = self._read_status()
  File "/anaconda/lib/python3.7/http/client.py", line 267, in _read_status
    line = str(self.fp.readline(_MAXLINE + 1), "iso-8859-1")
  File "/anaconda/lib/python3.7/socket.py", line 589, in readinto
    return self._sock.recv_into(b)
  File "/anaconda/lib/python3.7/ssl.py", line 1071, in recv_into
    return self.read(nbytes, buffer)
  File "/anaconda/lib/python3.7/ssl.py", line 929, in read
    return self._sslobj.read(len, buffer)
socket.timeout: The read operation timed out

During handling of the above exception, another exception occurred:

Traceback (most recent call last):
  File "/home/simon/.local/lib/python3.7/site-packages/requests/adapters.py", line 449, in send
    timeout=timeout
  File "/home/simon/.local/lib/python3.7/site-packages/urllib3/connectionpool.py", line 756, in urlopen
    method, url, error=e, _pool=self, _stacktrace=sys.exc_info()[2]
  File "/home/simon/.local/lib/python3.7/site-packages/urllib3/util/retry.py", line 532, in increment
    raise six.reraise(type(error), error, _stacktrace)
  File "/home/simon/.local/lib/python3.7/site-packages/urllib3/packages/six.py", line 770, in reraise
    raise value
  File "/home/simon/.local/lib/python3.7/site-packages/urllib3/connectionpool.py", line 706, in urlopen
    chunked=chunked,
  File "/home/simon/.local/lib/python3.7/site-packages/urllib3/connectionpool.py", line 447, in _make_request
    self._raise_timeout(err=e, url=url, timeout_value=read_timeout)
  File "/home/simon/.local/lib/python3.7/site-packages/urllib3/connectionpool.py", line 337, in _raise_timeout
    self, url, "Read timed out. (read timeout=%s)" % timeout_value
urllib3.exceptions.ReadTimeoutError: HTTPSConnectionPool(host='api.wandb.ai', port=443): Read timed out. (read timeout=10)

During handling of the above exception, another exception occurred:

Traceback (most recent call last):
  File "/home/simon/.local/lib/python3.7/site-packages/wandb/sdk/lib/retry.py", line 102, in __call__
    result = self._call_fn(*args, **kwargs)
  File "/home/simon/.local/lib/python3.7/site-packages/wandb/sdk/internal/internal_api.py", line 141, in execute
    return self.client.execute(*args, **kwargs)
  File "/home/simon/.local/lib/python3.7/site-packages/wandb/vendor/gql-0.2.0/gql/client.py", line 52, in execute
    result = self._get_result(document, *args, **kwargs)
  File "/home/simon/.local/lib/python3.7/site-packages/wandb/vendor/gql-0.2.0/gql/client.py", line 60, in _get_result
    return self.transport.execute(document, *args, **kwargs)
  File "/home/simon/.local/lib/python3.7/site-packages/wandb/vendor/gql-0.2.0/gql/transport/requests.py", line 38, in execute
    request = requests.post(self.url, **post_args)
  File "/home/simon/.local/lib/python3.7/site-packages/requests/api.py", line 117, in post
    return request('post', url, data=data, json=json, **kwargs)
  File "/home/simon/.local/lib/python3.7/site-packages/requests/api.py", line 61, in request
    return session.request(method=method, url=url, **kwargs)
  File "/home/simon/.local/lib/python3.7/site-packages/requests/sessions.py", line 542, in request
    resp = self.send(prep, **send_kwargs)
  File "/home/simon/.local/lib/python3.7/site-packages/requests/sessions.py", line 655, in send
    r = adapter.send(request, **kwargs)
  File "/home/simon/.local/lib/python3.7/site-packages/requests/adapters.py", line 529, in send
    raise ReadTimeout(e, request=request)
requests.exceptions.ReadTimeout: HTTPSConnectionPool(host='api.wandb.ai', port=443): Read timed out. (read timeout=10)
2022-02-25 12:46:57,795 WARNING FileStreamThread:9462 [file_stream.py:request_with_retry():599] requests_with_retry encountered retryable exception: 500 Server Error: Internal Server Error for url: https://api.wandb.ai/files/simon-donike/SRCNN/193jcqg8/file_stream. func: <bound method Session.post of <requests.sessions.Session object at 0x7fa2d1e014d0>>, args: ('https://api.wandb.ai/files/simon-donike/SRCNN/193jcqg8/file_stream',), kwargs: {'json': {'complete': False, 'failed': False, 'dropped': 0, 'uploaded': []}}
2022-02-25 12:47:07,047 WARNING FileStreamThread:9462 [file_stream.py:request_with_retry():599] requests_with_retry encountered retryable exception: 500 Server Error: Internal Server Error for url: https://api.wandb.ai/files/simon-donike/SRCNN/193jcqg8/file_stream. func: <bound method Session.post of <requests.sessions.Session object at 0x7fa2d1e014d0>>, args: ('https://api.wandb.ai/files/simon-donike/SRCNN/193jcqg8/file_stream',), kwargs: {'json': {'complete': False, 'failed': False, 'dropped': 0, 'uploaded': []}}
2022-02-25 12:47:11,382 ERROR   SenderThread:9462 [internal_api.py:execute():144] 500 response executing GraphQL.
2022-02-25 12:47:11,383 ERROR   SenderThread:9462 [internal_api.py:execute():145] {"error":"Error 1040: Too many connections"}
2022-02-25 12:47:13,382 WARNING FileStreamThread:9462 [file_stream.py:request_with_retry():599] requests_with_retry encountered retryable exception: 500 Server Error: Internal Server Error for url: https://api.wandb.ai/files/simon-donike/SRCNN/193jcqg8/file_stream. func: <bound method Session.post of <requests.sessions.Session object at 0x7fa2d1e014d0>>, args: ('https://api.wandb.ai/files/simon-donike/SRCNN/193jcqg8/file_stream',), kwargs: {'json': {'complete': False, 'failed': False, 'dropped': 0, 'uploaded': []}}
2022-02-25 12:47:23,908 WARNING FileStreamThread:9462 [file_stream.py:request_with_retry():599] requests_with_retry encountered retryable exception: 500 Server Error: Internal Server Error for url: https://api.wandb.ai/files/simon-donike/SRCNN/193jcqg8/file_stream. func: <bound method Session.post of <requests.sessions.Session object at 0x7fa2d1e014d0>>, args: ('https://api.wandb.ai/files/simon-donike/SRCNN/193jcqg8/file_stream',), kwargs: {'json': {'complete': False, 'failed': False, 'dropped': 0, 'uploaded': []}}
2022-02-25 12:47:37,754 ERROR   SenderThread:9462 [internal_api.py:execute():144] 500 response executing GraphQL.
2022-02-25 12:47:37,754 ERROR   SenderThread:9462 [internal_api.py:execute():145] {"errors":[{"message":"Error 1040: Too many connections","path":["upsertBucket"]}],"data":{"upsertBucket":null}}
2022-02-25 12:47:40,556 WARNING FileStreamThread:9462 [file_stream.py:request_with_retry():599] requests_with_retry encountered retryable exception: 500 Server Error: Internal Server Error for url: https://api.wandb.ai/files/simon-donike/SRCNN/193jcqg8/file_stream. func: <bound method Session.post of <requests.sessions.Session object at 0x7fa2d1e014d0>>, args: ('https://api.wandb.ai/files/simon-donike/SRCNN/193jcqg8/file_stream',), kwargs: {'json': {'complete': False, 'failed': False, 'dropped': 0, 'uploaded': []}}
2022-02-25 12:49:10,380 WARNING FileStreamThread:9462 [file_stream.py:request_with_retry():599] requests_with_retry encountered retryable exception: 500 Server Error: Internal Server Error for url: https://api.wandb.ai/files/simon-donike/SRCNN/193jcqg8/file_stream. func: <bound method Session.post of <requests.sessions.Session object at 0x7fa2d1e014d0>>, args: ('https://api.wandb.ai/files/simon-donike/SRCNN/193jcqg8/file_stream',), kwargs: {'json': {'complete': False, 'failed': False, 'dropped': 0, 'uploaded': []}}
2022-02-25 12:49:32,019 ERROR   SenderThread:9462 [internal_api.py:execute():144] 500 response executing GraphQL.
2022-02-25 12:49:32,019 ERROR   SenderThread:9462 [internal_api.py:execute():145] {"error":"Error 1040: Too many connections"}
2022-02-25 12:51:43,007 INFO    SenderThread:9462 [sender.py:transition_state():387] send defer: 5
2022-02-25 12:51:43,007 INFO    SenderThread:9462 [sender.py:finish():1070] shutting down sender
2022-02-25 12:51:43,008 INFO    SenderThread:9462 [dir_watcher.py:finish():283] shutting down directory watcher
2022-02-25 12:51:43,363 INFO    SenderThread:9462 [dir_watcher.py:_on_file_modified():230] file/dir modified: /home/simon/CDE_UBS/thesis/template/wandb/run-20220225_124421-193jcqg8/files/config.yaml
2022-02-25 12:51:43,363 INFO    SenderThread:9462 [dir_watcher.py:finish():313] scan: /home/simon/CDE_UBS/thesis/template/wandb/run-20220225_124421-193jcqg8/files
2022-02-25 12:51:43,363 INFO    SenderThread:9462 [dir_watcher.py:finish():327] scan save: /home/simon/CDE_UBS/thesis/template/wandb/run-20220225_124421-193jcqg8/files/config.yaml config.yaml
2022-02-25 12:51:43,364 INFO    SenderThread:9462 [dir_watcher.py:finish():327] scan save: /home/simon/CDE_UBS/thesis/template/wandb/run-20220225_124421-193jcqg8/files/output.log output.log
2022-02-25 12:51:43,371 INFO    SenderThread:9462 [dir_watcher.py:finish():327] scan save: /home/simon/CDE_UBS/thesis/template/wandb/run-20220225_124421-193jcqg8/files/requirements.txt requirements.txt
2022-02-25 12:51:43,371 INFO    SenderThread:9462 [dir_watcher.py:finish():327] scan save: /home/simon/CDE_UBS/thesis/template/wandb/run-20220225_124421-193jcqg8/files/wandb-summary.json wandb-summary.json
2022-02-25 12:51:43,381 INFO    SenderThread:9462 [dir_watcher.py:finish():327] scan save: /home/simon/CDE_UBS/thesis/template/wandb/run-20220225_124421-193jcqg8/files/wandb-metadata.json wandb-metadata.json
2022-02-25 12:51:43,387 INFO    SenderThread:9462 [dir_watcher.py:finish():327] scan save: /home/simon/CDE_UBS/thesis/template/wandb/run-20220225_124421-193jcqg8/files/conda-environment.yaml conda-environment.yaml
2022-02-25 12:51:43,389 INFO    SenderThread:9462 [file_pusher.py:finish():177] shutting down file pusher
2022-02-25 12:51:43,390 INFO    SenderThread:9462 [file_pusher.py:join():182] waiting for file pusher
2022-02-25 12:51:43,974 INFO    Thread-12 :9462 [upload_job.py:push():137] Uploaded file /home/simon/CDE_UBS/thesis/template/wandb/run-20220225_124421-193jcqg8/files/config.yaml
2022-02-25 12:51:44,010 INFO    Thread-13 :9462 [upload_job.py:push():137] Uploaded file /home/simon/CDE_UBS/thesis/template/wandb/run-20220225_124421-193jcqg8/files/requirements.txt
2022-02-25 12:51:44,030 INFO    Thread-15 :9462 [upload_job.py:push():137] Uploaded file /home/simon/CDE_UBS/thesis/template/wandb/run-20220225_124421-193jcqg8/files/conda-environment.yaml
2022-02-25 12:51:44,044 INFO    Thread-14 :9462 [upload_job.py:push():137] Uploaded file /home/simon/CDE_UBS/thesis/template/wandb/run-20220225_124421-193jcqg8/files/wandb-summary.json
2022-02-25 12:51:44,581 INFO    MainThread:9462 [internal.py:handle_exit():77] Internal process exited
